360.0,0,
361.09,902,
362.09999999999997,619,
363.10999999999996,444,
364.2599999999999,375,
365.26999999999987,295,
366.42999999999984,256,
367.4299999999999,220,
368.4499999999999,209,
369.5999999999999,186,
370.5999999999999,177,
371.7699999999999,164,
372.92999999999995,157,
374.0999999999999,145,
375.11999999999995,133,
376.27000000000004,116,
377.27000000000004,116,
378.43000000000006,107,
379.43000000000006,114,
380.44000000000005,127,
381.5900000000001,125,
382.5900000000001,118,
383.6,124,
384.75,129,
385.78,127,
386.92,138,
387.93,137,
388.93,136,
390.09,144,
391.09999999999997,148,
392.26,154,
393.42999999999995,146,
394.59,172,
395.59,157,
396.74999999999994,157,
397.7699999999999,155,
398.92999999999995,145,
400.08,153,
401.0899999999999,165,
402.25999999999993,174,
403.2699999999999,198,
404.43999999999994,182,
405.59,166,
406.59,155,
407.75,159,
408.75000000000006,162,
409.77000000000004,156,
410.9200000000001,152,
412.0900000000001,177,
413.0900000000001,183,
414.2400000000001,171,
415.4200000000001,192,
416.44000000000005,194,
417.5800000000001,191,
418.5800000000001,187,
419.5800000000001,183,
420.59000000000003,181,
421.78000000000003,185,
422.92,178,
424.08000000000004,179,
425.08000000000004,178,
426.24,177,
427.26,170,
428.42,175,
429.58000000000004,153,
430.58000000000004,161,
431.74,167,
432.74,175,
433.75,183,
434.9,195,
435.90999999999997,196,
437.06999999999994,208,
438.2399999999999,197,
439.2499999999999,210,
440.2499999999999,209,
441.3999999999999,204,
442.5699999999999,213,
443.73999999999984,211,
444.73999999999984,197,
445.74999999999983,188,
446.89999999999986,166,
447.89999999999986,181,
448.9099999999998,190,
450.06999999999977,179,
451.08999999999975,192,
452.2399999999997,187,
453.2399999999997,179,
454.4099999999997,184,
455.55999999999966,182,
456.57999999999964,182,
457.74999999999966,176,
458.8999999999997,170,
459.8999999999997,177,
461.06999999999965,188,
462.2299999999996,171,
463.24999999999966,184,
464.4099999999997,189,
465.5599999999997,177,
466.5599999999997,186,
467.5599999999997,188,
468.5799999999997,172,
469.7399999999997,157,
470.88999999999976,168,
471.88999999999976,164,
473.0599999999997,179,
474.2199999999997,175,
475.2299999999997,176,
476.2299999999997,166,
477.2299999999997,184,
478.38999999999965,188,
479.40999999999957,181,
480.5599999999996,177,
481.5599999999996,173,
482.5699999999996,174,
483.71999999999963,174,
484.7399999999996,171,
485.7399999999996,158,
486.87999999999954,156,
487.88999999999953,179,
489.0599999999995,168,
490.0699999999994,173,
491.0699999999994,165,
492.21999999999946,143,
493.21999999999946,142,
494.3899999999994,150,
495.5499999999994,164,
496.5599999999993,146,
497.5599999999993,150,
498.5999999999993,140,
499.72999999999934,130,
500.8799999999993,126,
501.92999999999927,122,
503.0499999999993,117,
504.21999999999923,119,
505.37999999999926,120,
506.37999999999926,129,
507.40999999999923,127,
360.0,0,
361.05999999999995,939,
362.2199999999999,633,
363.24999999999994,447,
364.39000000000004,373,
365.40000000000003,302,
366.55000000000007,261,
367.5500000000001,221,
368.5700000000001,205,
369.7400000000002,188,
370.8800000000002,173,
371.9000000000002,166,
373.05000000000024,149,
374.05000000000024,132,
375.0500000000003,131,
376.0500000000003,138,
377.22000000000037,144,
378.2300000000004,140,
379.2300000000005,136,
380.3900000000005,138,
381.3900000000005,135,
382.54000000000053,128,
383.54000000000053,122,
384.5500000000006,135,
385.72000000000065,137,
386.89000000000067,139,
388.0500000000007,132,
389.21000000000066,127,
390.3900000000006,134,
391.3900000000006,141,
392.5600000000007,141,
393.7100000000007,158,
394.7100000000007,155,
395.7200000000007,156,
396.87000000000074,164,
397.8900000000008,153,
399.0400000000008,164,
400.0500000000008,158,
401.0500000000008,166,
402.2000000000008,158,
403.2200000000008,153,
404.3700000000009,169,
405.3700000000009,176,
406.38000000000085,165,
407.38000000000085,154,
408.5600000000009,158,
409.70000000000095,155,
410.71000000000095,156,
411.8700000000009,156,
413.04000000000093,168,
414.0500000000009,149,
415.050000000001,171,
416.20000000000095,163,
417.3800000000009,164,
418.5300000000008,172,
419.7100000000008,189,
420.7100000000008,172,
421.8800000000008,173,
423.04000000000076,187,
424.2000000000008,194,
425.2000000000008,182,
426.3700000000008,186,
427.53000000000077,171,
428.56000000000074,176,
429.7000000000008,182,
430.86000000000087,167,
431.86000000000087,176,
432.8600000000009,174,
433.8800000000009,175,
435.0400000000009,181,
436.2000000000009,183,
437.36000000000087,181,
438.36000000000087,174,
439.5400000000008,176,
440.7100000000008,180,
441.8800000000008,185,
443.03000000000077,195,
444.1900000000008,183,
445.35000000000076,180,
446.35000000000076,179,
447.3600000000007,194,
448.5500000000007,201,
449.69000000000074,195,
450.69000000000074,178,
451.86000000000064,173,
453.01000000000056,172,
454.0400000000006,170,
455.1900000000006,187,
456.35000000000065,179,
457.3500000000007,182,
458.5100000000007,187,
459.52000000000066,185,
460.6900000000007,180,
461.8500000000007,176,
462.8500000000007,164,
464.0100000000007,168,
465.18000000000063,172,
466.21000000000066,175,
467.3600000000007,169,
468.51000000000073,169,
469.5300000000007,177,
470.68000000000075,169,
471.8400000000007,167,
472.8500000000007,172,
473.8500000000007,176,
475.0100000000008,163,
476.01000000000084,169,
477.01000000000084,171,
478.0400000000008,172,
479.18000000000086,162,
480.18000000000086,155,
481.19000000000085,151,
482.2800000000008,158,
483.37000000000086,166,
484.5200000000009,162,
485.6700000000009,166,
486.6900000000009,165,
487.84000000000094,152,
488.84000000000094,161,
490.0600000000009,158,
491.170000000001,144,
492.180000000001,142,
493.180000000001,140,
494.180000000001,153,
495.35000000000093,153,
496.50000000000097,143,
497.510000000001,145,
498.510000000001,146,
499.680000000001,133,
500.69000000000096,131,
501.840000000001,134,
502.85000000000105,123,
504.01000000000107,122,
505.01000000000107,116,
506.03000000000105,117,
507.1700000000011,122,
508.1700000000011,132,
509.1700000000011,131,
510.1700000000011,126,
511.370000000001,106,
512.5000000000009,104,
513.5100000000009,107,
514.6600000000008,103,
515.6700000000006,100,
516.6900000000006,96,
517.8400000000005,95,
519.0000000000003,83,
520.0100000000002,80,
521.1600000000001,83,
522.3199999999999,93,
523.3399999999998,87,
524.4899999999997,86,
525.4999999999995,94,
526.6699999999994,94,
527.8299999999992,86,
528.8299999999992,86,
530.0099999999991,82,
531.1599999999991,75,
532.1699999999989,69,
533.3299999999988,76,
534.4899999999986,74,
535.4999999999985,71,
536.6799999999985,71,
537.8299999999983,65,
538.9899999999982,70,
539.9999999999981,79,
541.1499999999979,74,
542.1599999999979,69,
543.3299999999978,69,
544.4799999999976,68,
545.4899999999975,62,
546.6499999999974,61,
547.6699999999973,61,
548.8199999999972,63,
550.0199999999971,63,
551.149999999997,68,
552.169999999997,60,
553.3099999999969,60,
554.3199999999968,65,
555.3499999999967,68,
556.4899999999966,61,
557.6599999999966,53,
558.8199999999965,50,
559.9799999999964,54,
561.1499999999962,56,
562.1499999999962,56,
563.1599999999961,55,
564.319999999996,47,
565.4799999999958,41,
566.6499999999957,42,
567.8199999999955,46,
568.9699999999954,40,
569.9899999999952,47,
571.1499999999951,41,
572.309999999995,38,
573.4699999999948,30,
574.4799999999947,25,
575.4999999999947,29,
576.6799999999946,28,
577.8199999999946,25,
578.8199999999946,23,
579.9699999999945,26,
581.1399999999943,26,
582.1499999999943,25,
583.3099999999941,18,
584.469999999994,20,
585.489999999994,19,
586.6399999999938,19,
587.7999999999937,7,
588.8099999999936,14,
589.8099999999936,12,
590.9799999999935,16,
592.1399999999934,16,
593.3099999999932,10,
594.4699999999931,14,
595.4699999999931,14,
596.659999999993,12,
597.799999999993,14,
598.8099999999929,14,
599.9699999999928,12,
601.1399999999927,14,
602.1499999999926,16,
603.3099999999924,16,
604.4599999999923,14,
605.4799999999922,12,
606.6299999999922,12,
607.789999999992,11,
608.7999999999919,13,
609.7999999999919,12,
610.9699999999917,9,
612.1299999999916,9,
613.2999999999914,6,
614.4699999999914,7,
615.6299999999914,8,
616.6399999999912,7,
617.8199999999912,9,
618.9599999999912,9,
619.969999999991,5,
621.129999999991,5,
622.1499999999909,6,
623.3099999999907,5,
624.4699999999907,4,
625.6299999999906,3,
626.7899999999904,2,
627.7999999999903,2,
628.9699999999903,1,
629.9799999999901,2,
631.13999999999,1,
632.2899999999898,1,
633.2899999999898,2,
634.4599999999898,1,
635.6199999999898,3,
636.6499999999897,1,
637.8099999999897,1,
638.9699999999896,1,
640.1199999999894,1,
641.1299999999893,2,
642.1399999999893,4,
643.2899999999892,3,
644.2899999999892,1,
645.4599999999891,1,
646.629999999989,2,
647.639999999989,3,
648.7999999999888,3,
649.9499999999887,1,
651.1299999999885,3,
652.2799999999884,2,
653.2999999999884,1,
654.4499999999883,1,
655.4999999999883,4,
656.6299999999883,5,
657.7899999999881,5,
658.949999999988,4,
660.1099999999878,7,
661.1099999999878,6,
662.1499999999878,5,
663.3299999999878,5,
664.4499999999877,4,
665.4599999999876,6,
666.6199999999875,4,
667.7699999999875,3,
668.8199999999874,2,
669.9599999999874,2,
671.1099999999874,3,
672.1199999999873,2,
673.2799999999872,3,
674.3199999999872,5,
675.4899999999872,6,
676.6099999999872,6,
677.6099999999872,3,
678.779999999987,4,
679.779999999987,2,
680.9399999999869,3,
682.1199999999867,4,
683.2699999999866,4,
684.2699999999866,4,
685.4499999999864,3,
686.6099999999863,3,
687.7799999999861,3,
688.7799999999861,4,
689.939999999986,6,
691.1099999999858,4,
692.2699999999857,6,
693.4399999999855,6,
694.6099999999853,4,
695.6199999999853,4,
696.8199999999853,5,
697.9299999999852,6,
698.9399999999852,6,
700.099999999985,4,
701.2699999999849,4,
702.2799999999849,3,
703.4599999999848,2,
704.5999999999848,5,
705.6099999999848,3,
706.7699999999846,5,
707.9299999999845,4,
708.9499999999845,5,
710.1399999999845,10,
711.2599999999844,14,
712.2699999999844,12,
713.4299999999843,10,
714.4299999999843,10,
715.4399999999841,10,
716.599999999984,10,
717.599999999984,9,
718.7699999999838,8,
719.9299999999837,11,
720.9399999999836,12,
722.1099999999834,14,
723.2699999999833,11,
724.2999999999832,13,
725.4299999999831,13,
726.599999999983,15,
727.7599999999828,11,
728.7799999999828,14,
729.9299999999827,16,
730.9399999999825,14,
732.0999999999824,14,
733.2599999999823,8,
734.2699999999822,11,
735.4399999999822,12,
736.4399999999822,12,
737.5899999999821,10,
738.7599999999819,11,
739.9199999999818,11,
740.9199999999818,19,
741.9299999999816,21,
743.0999999999815,21,
744.2499999999814,19,
745.2699999999812,21,
746.4199999999812,19,
747.4399999999812,20,
748.589999999981,16,
749.7499999999809,19,
750.7699999999809,21,
751.9199999999807,31,
752.9199999999807,34,
754.0999999999806,22,
755.2599999999804,24,
756.4199999999803,28,
757.5999999999801,29,
758.75999999998,31,
759.9199999999798,28,
760.9199999999798,25,
762.0999999999797,27,
763.2499999999795,20,
764.2599999999794,20,
765.4399999999794,19,
766.5899999999792,27,
767.7399999999791,37,
768.759999999979,34,
769.9199999999789,30,
771.0799999999788,31,
772.2499999999786,29,
773.2599999999786,31,
774.4099999999785,28,
775.4299999999785,37,
776.5799999999783,37,
777.7399999999782,33,
778.7499999999781,34,
779.9099999999779,32,
780.9199999999778,38,
782.0899999999777,39,
783.2399999999776,45,
784.2499999999776,45,
785.4099999999775,38,
786.5799999999774,40,
787.7499999999773,46,
788.9299999999772,56,
790.0799999999771,41,
791.2299999999769,45,
792.259999999977,43,
793.4099999999769,48,
794.5799999999767,54,
795.5899999999766,56,
796.7699999999767,55,
797.8899999999767,50,
798.9099999999767,47,
800.0699999999765,51,
801.1199999999765,48,
802.2699999999764,45,
803.4099999999763,47,
804.5699999999762,60,
805.739999999976,62,
806.8999999999759,63,
808.0699999999757,66,
809.2399999999756,67,
810.3999999999755,66,
811.4099999999754,70,
812.5699999999753,68,
813.7299999999751,64,
814.739999999975,73,
815.889999999975,73,
816.949999999975,64,
818.0799999999749,63,
819.2199999999748,64,
820.2299999999748,63,
821.3999999999746,67,
822.4099999999746,73,
823.5699999999746,74,
824.7299999999744,83,
825.8899999999743,79,
826.8899999999743,84,
827.8999999999742,87,
828.9299999999741,89,
830.0599999999741,87,
831.0599999999741,83,
832.229999999974,80,
833.3999999999738,91,
834.4099999999738,89,
835.5699999999737,92,
836.7299999999735,90,
837.7399999999735,103,
838.8999999999734,99,
840.0499999999732,82,
841.0599999999731,82,
842.229999999973,79,
843.3799999999728,90,
844.3899999999728,87,
845.5499999999727,100,
846.5599999999725,92,
847.5799999999725,93,
848.7199999999724,94,
849.7199999999724,103,
850.8999999999722,106,
852.0599999999722,107,
853.0699999999722,111,
854.2599999999721,107,
855.379999999972,107,
856.389999999972,93,
857.5499999999719,98,
858.7299999999717,102,
859.7499999999717,117,
860.9399999999716,119,
862.0399999999715,115,
863.0499999999715,97,
864.2099999999714,102,
865.3799999999712,97,
866.3799999999712,111,
867.5599999999711,102,
868.7099999999709,109,
869.7199999999709,103,
870.8799999999708,103,
872.0399999999706,117,
873.0499999999706,114,
874.2199999999705,112,
875.3799999999703,112,
876.5499999999702,117,
877.70999999997,118,
878.8799999999699,127,
880.0499999999697,121,
881.0499999999697,130,
882.2299999999697,128,
883.3699999999695,121,
884.3799999999695,129,
885.5399999999694,126,
886.7199999999692,135,
887.8699999999692,125,
888.8899999999691,119,
890.0499999999689,124,
891.2099999999688,121,
892.2199999999688,114,
893.3799999999686,116,
894.5399999999686,122,
895.5899999999685,128,
896.6899999999686,143,
897.6999999999686,121,
898.8799999999684,115,
900.0499999999682,125,
901.0499999999682,138,
902.2399999999682,138,
903.379999999968,157,
904.379999999968,153,
905.5299999999679,152,
906.5399999999678,155,
907.5499999999677,153,
908.7099999999676,147,
909.8699999999676,159,
911.0299999999675,154,
912.2099999999674,155,
913.3699999999673,150,
914.3699999999673,158,
915.5899999999673,158,
916.6899999999672,150,
917.6999999999671,147,
918.8599999999669,141,
920.0299999999668,146,
921.0599999999667,138,
922.2199999999667,132,
923.3599999999667,127,
924.3599999999667,119,
925.3699999999666,128,
926.3799999999666,140,
927.5499999999665,148,
928.6999999999665,150,
929.8599999999664,147,
930.8699999999662,142,
932.0399999999661,142,
933.1899999999661,152,
934.219999999966,159,
935.3599999999659,177,
936.369999999966,166,
937.5199999999659,170,
938.6899999999657,159,
939.7099999999656,149,
940.8999999999655,140,
942.0299999999654,119,
943.0299999999654,134,
944.1999999999653,136,
945.3499999999651,129,
946.3499999999651,132,
947.3499999999651,137,
948.3699999999652,134,
949.5199999999651,130,
950.6799999999649,133,
951.6999999999649,145,
952.8799999999649,130,
954.0199999999647,124,
955.1799999999646,126,
956.3599999999644,125,
957.5099999999643,134,
958.6799999999641,125,
959.6999999999641,120,
960.8699999999642,125,
962.019999999964,172,
963.179999999964,156,
964.3599999999639,148,
965.5199999999637,126,
966.6899999999636,123,
967.7099999999635,124,
968.8699999999635,145,
970.0099999999635,135,
971.0199999999635,137,
972.1799999999633,134,
973.3699999999633,128,
974.3799999999633,133,
975.5099999999633,133,
976.5099999999633,135,
977.6799999999631,136,
978.839999999963,140,
979.849999999963,137,
980.849999999963,130,
982.0199999999628,121,
983.1799999999627,135,
984.3399999999625,149,
985.5099999999624,141,
986.6799999999622,131,
987.7099999999623,129,
988.8599999999623,114,
990.0099999999621,117,
991.0199999999621,120,
992.179999999962,117,
993.3399999999618,121,
994.3399999999618,117,
995.3499999999617,120,
996.4999999999616,115,
997.6699999999614,110,
998.8499999999613,113,
1000.0099999999611,117,
1001.0299999999611,126,
1002.1899999999612,133,
1003.329999999961,122,
1004.339999999961,116,
1005.4999999999609,127,
1006.4999999999609,125,
1007.5199999999609,126,
1008.6699999999607,127,
1009.8299999999606,126,
1010.9899999999604,132,
1011.9999999999603,129,
1013.0199999999603,124,
1014.1699999999602,139,
1015.32999999996,127,
1016.32999999996,120,
1017.33999999996,127,
1018.33999999996,108,
1019.4999999999599,111,
1020.6699999999597,111,
1021.8299999999596,108,
1022.9999999999594,110,
1024.1599999999594,112,
1025.1599999999594,116,
1026.1599999999594,123,
1027.3299999999592,128,
1028.339999999959,107,
1029.4899999999593,109,
1030.499999999959,115,
1031.6899999999591,124,
1032.8199999999592,123,
1033.8299999999592,113,
1034.9899999999595,109,
1035.9899999999595,109,
1037.0299999999595,112,
1038.1499999999596,114,
1039.1699999999594,118,
1040.3199999999597,126,
1041.31999999996,122,
1042.3599999999599,115,
1043.47999999996,108,
1044.6599999999596,95,
1045.8499999999597,104,
1046.97999999996,89,
1047.99999999996,91,
1049.01999999996,101,
1050.1499999999603,96,
1051.1599999999603,87,
1052.3199999999606,93,
1053.3199999999608,97,
1054.3499999999608,103,
1055.4899999999611,107,
1056.6499999999612,113,
1057.6499999999614,119,
1058.6499999999617,117,
1059.6899999999619,100,
1060.8199999999622,89,
1061.9899999999623,97,
1063.1499999999626,102,
1064.1499999999628,111,
1065.1499999999628,111,
1066.329999999963,123,
1067.4799999999632,116,
1068.4799999999632,116,
1069.4799999999636,118,
1070.4899999999636,113,
1071.6699999999641,114,
1072.8199999999645,106,
1073.8199999999647,110,
1074.8499999999651,116,
1075.9799999999652,117,
1076.9999999999652,114,
1078.1399999999653,116,
1079.1399999999655,118,
1080.1399999999658,119,
1081.1499999999658,111,
1082.3299999999658,118,
1083.4799999999661,109,
1084.4799999999661,100,
1085.6399999999664,101,
1086.6399999999667,99,
1087.649999999967,97,
1088.819999999967,90,
1089.9799999999673,83,
1091.1399999999674,82,
1092.2999999999677,79,
1093.2999999999677,85,
1094.3599999999676,73,
1095.4799999999677,77,
1096.6399999999678,70,
1097.6399999999678,74,
1098.639999999968,76,
1099.659999999968,75,
1100.8099999999683,87,
1101.8099999999686,86,
1102.8099999999688,95,
1103.819999999969,99,
1104.9999999999693,96,
1106.1299999999694,85,
1107.1299999999696,82,
1108.1299999999699,80,
1109.13999999997,83,
1110.1499999999703,70,
1111.2999999999704,76,
1112.2999999999706,71,
1113.469999999971,75,
1114.499999999971,76,
1115.6399999999712,77,
1116.789999999971,73,
1117.7999999999709,68,
1118.799999999971,70,
1119.799999999971,76,
1120.799999999971,76,
1121.959999999971,74,
1122.9599999999712,77,
1123.9599999999712,67,
1124.9699999999712,67,
1125.9799999999711,64,
1127.1199999999715,61,
1128.1299999999717,62,
1129.1399999999717,64,
1130.3099999999718,66,
1131.4699999999718,61,
1132.619999999972,59,
1133.6199999999724,54,
1134.6199999999724,59,
1135.6299999999721,61,
1136.6299999999721,66,
1137.7999999999724,62,
1138.9599999999728,59,
1140.119999999973,62,
1141.119999999973,61,
1142.119999999973,65,
1143.1199999999733,64,
1144.1199999999733,62,
1145.2799999999734,61,
1146.3199999999733,62,
1147.4499999999734,55,
1148.4499999999734,50,
1149.4599999999734,47,
1150.6199999999737,42,
1151.6499999999737,46,
1152.7799999999738,52,
1153.7799999999738,54,
1154.779999999974,51,
1155.949999999974,41,
1156.9799999999739,46,
1158.119999999974,38,
1159.2799999999738,37,
1160.2799999999738,34,
1161.289999999974,29,
1162.299999999974,31,
1163.4599999999741,36,
1164.619999999974,36,
1165.6199999999742,37,
1166.6199999999744,39,
1167.6399999999744,39,
1168.7799999999745,32,
1169.9399999999744,31,
1170.9499999999746,27,
1172.1099999999747,29,
1173.1299999999746,28,
1174.279999999975,27,
1175.289999999975,26,
1176.4399999999753,16,
1177.4499999999755,19,
1178.6099999999756,19,
1179.6199999999756,17,
1180.7899999999754,15,
1181.9599999999753,18,
1183.1099999999756,22,
1184.2899999999759,26,
1185.429999999976,20,
1186.439999999976,18,
1187.449999999976,17,
1188.619999999976,12,
1189.7899999999763,13,
1190.9499999999764,10,
1191.9499999999766,13,
1192.9599999999766,14,
1194.1099999999767,12,
1195.2699999999768,9,
1196.269999999977,11,
1197.269999999977,11,
1198.299999999977,8,
1199.4399999999769,9,
1200.5899999999767,10,
1201.5999999999767,10,
1202.5999999999767,7,
1203.5999999999767,7,
1204.5999999999767,9,
1205.609999999977,10,
1206.769999999977,8,
1207.779999999977,10,
1208.939999999977,10,
1209.939999999977,9,
1211.0899999999774,11,
1212.1099999999776,8,
1213.1199999999776,6,
1214.2599999999777,8,
1215.2599999999777,6,
1216.269999999978,8,
1217.429999999978,8,
1218.439999999978,7,
1219.5999999999779,5,
1220.7599999999777,5,
1221.7699999999777,4,
1222.9299999999778,4,
1223.9299999999778,7,
1225.1399999999778,6,
1226.249999999978,7,
1227.2599999999777,5,
1228.259999999978,1,
1229.4299999999776,1,
1230.4699999999775,3,
1231.5999999999776,0,
1232.7599999999775,0,
1233.7599999999775,0,
1234.7599999999775,2,
1235.8399999999774,2,
1236.9199999999773,4,
1237.9299999999773,4,
1238.9299999999776,1,
1240.0899999999776,1,
1241.0999999999776,3,
1242.2499999999777,3,
1243.2599999999777,3,
1244.259999999978,3,
1245.419999999978,3,
1246.429999999978,3,
1247.589999999978,3,
1248.589999999978,2,
1249.7599999999786,1,
1250.9199999999787,1,
1251.9399999999785,2,
1253.1099999999788,2,
1254.2499999999789,4,
1255.4199999999787,2,
1256.4199999999787,2,
1257.4199999999787,0,
1258.4399999999787,0,
1259.5799999999788,1,
1260.5899999999785,1,
1261.7499999999789,1,
1262.7499999999789,1,
1263.7599999999788,2,
1264.919999999979,1,
1266.079999999979,1,
1267.089999999979,1,
1268.239999999979,0,
1269.2599999999788,0,
1270.4699999999789,0,
1271.5799999999788,0,
1272.7399999999786,0,
1273.7399999999789,0,
1274.7399999999789,0,
1275.7499999999789,1,
1276.909999999979,1,
1278.0699999999788,2,
1279.089999999979,1,
1280.239999999979,1,
1281.249999999979,1,
1282.4399999999794,1,
1283.5699999999797,1,
1284.7299999999796,1,
1285.7399999999795,1,
1286.9099999999796,1,
1287.9099999999796,1,
1288.9099999999796,1,
1290.0699999999795,2,
1291.2399999999793,1,
1292.2399999999795,0,
1293.2399999999795,0,
1294.2399999999795,0,
1295.4099999999796,0,
1296.4099999999798,0,
1297.56999999998,0,
1298.57999999998,0,
1299.74999999998,0,
1300.89999999998,0,
1302.07999999998,0,
1303.2299999999805,0,
1304.2299999999805,0,
1305.2399999999805,0,
1306.4199999999805,0,
1307.5699999999806,0,
1308.7299999999805,2,
1309.7399999999807,1,
1310.8899999999808,1,
1311.8999999999808,0,
1312.8999999999808,0,
1313.8999999999808,0,
1314.899999999981,0,
1315.8999999999812,0,
1316.8999999999812,1,
1317.9099999999812,1,
1319.0699999999815,1,
1320.2199999999816,1,
1321.2299999999816,0,
1322.2299999999816,0,
1323.2299999999818,0,
1324.229999999982,0,
1325.399999999982,0,
1326.4099999999817,0,
1327.5699999999815,0,
1328.5699999999817,0,
1329.729999999982,0,
1330.8899999999821,0,
1331.899999999982,1,
1333.0699999999822,1,
1334.2499999999823,0,
1335.3899999999821,0,
1336.3899999999821,2,
1337.3899999999821,1,
1338.399999999982,1,
1339.5599999999818,1,
1340.7199999999816,1,
1341.7299999999816,2,
1342.8799999999817,2,
1343.8999999999817,3,
1345.0799999999817,3,
1346.2099999999818,2,
1347.2099999999818,2,
1348.209999999982,2,
1349.379999999982,2,
1350.389999999982,3,
1351.549999999982,0,
1352.549999999982,0,
1353.5499999999822,0,
1354.5499999999824,1,
1355.5499999999827,1,
1356.7199999999825,1,
1357.879999999983,2,
1358.8899999999833,2,
1360.0499999999836,0,
1361.0599999999836,0,
1362.2199999999837,0,
1363.3799999999835,2,
1364.3799999999837,1,
1365.5499999999838,1,
1366.5599999999838,3,
1367.7199999999839,3,
1368.879999999984,3,
1369.879999999984,3,
1370.8799999999842,2,
1372.039999999984,3,
1373.059999999984,4,
1374.209999999984,3,
1375.209999999984,4,
1376.219999999984,3,
1377.3799999999844,3,
1378.3899999999842,3,
1379.5399999999843,6,
1380.7099999999843,4,
1381.8799999999844,2,
1382.8799999999844,1,
1383.9099999999844,1,
1385.0299999999845,1,
1386.0499999999845,2,
1387.209999999985,2,
1388.2099999999853,3,
1389.2399999999855,3,
1390.3699999999856,2,
1391.3699999999856,3,
1392.3799999999858,4,
1393.5299999999859,7,
1394.5499999999859,9,
1395.699999999986,11,
1396.709999999986,9,
1397.8799999999862,10,
1399.0299999999866,9,
1400.0399999999865,10,
1401.2199999999868,9,
1402.369999999987,11,
1403.3699999999872,7,
1404.3699999999874,5,
1405.5299999999872,8,
1406.5599999999872,10,
1407.6899999999873,7,
1408.8599999999872,6,
1409.8599999999872,7,
1410.8599999999874,7,
1411.8999999999874,11,
1413.029999999988,10,
1414.0399999999877,9,
1415.189999999988,7,
1416.189999999988,8,
1417.2299999999882,10,
1418.359999999988,11,
1419.5199999999877,9,
1420.5299999999877,11,
1421.6899999999878,8,
1422.7099999999878,10,
1423.8699999999878,10,
1424.8699999999878,10,
1425.869999999988,11,
1427.0199999999884,12,
1428.0199999999886,15,
1429.0199999999886,17,
1430.0199999999886,16,
1431.019999999989,17,
1432.029999999989,18,
1433.219999999989,21,
1434.3499999999892,22,
1435.529999999989,24,
1436.6899999999891,21,
1437.6899999999891,22,
1438.6999999999891,22,
1439.8699999999892,16,
1441.0199999999893,17,
1442.029999999989,18,
1443.1999999999894,16,
1444.3399999999895,18,
1445.359999999989,17,
1446.529999999989,12,
1447.6799999999894,18,
1448.8599999999892,16,
1450.0199999999893,17,
1451.1799999999898,24,
1452.1799999999898,25,
1453.1999999999896,22,
1454.3499999999897,18,
1455.5099999999895,20,
1456.5299999999895,22,
1457.6799999999896,23,
1458.6799999999896,22,
1459.6799999999896,23,
1460.8599999999894,22,
1462.0199999999897,19,
1463.18999999999,21,
1464.3499999999901,27,
1465.3499999999904,29,
1466.5299999999904,29,
1467.6699999999905,29,
1468.8299999999902,27,
1469.8499999999901,28,
1470.9999999999902,28,
1472.00999999999,32,
1473.00999999999,28,
1474.00999999999,29,
1475.0199999999902,34,
1476.1699999999905,34,
1477.2099999999905,34,
1478.3499999999906,33,
1479.5099999999904,36,
1480.5099999999907,36,
1481.6799999999907,37,
1482.8299999999908,31,
1483.8599999999908,31,
1484.999999999991,32,
1486.009999999991,29,
1487.0099999999911,33,
1488.1599999999912,30,
1489.189999999991,29,
1490.329999999991,31,
1491.3399999999908,34,
1492.5099999999911,34,
1493.6699999999912,38,
1494.6699999999912,43,
1495.6799999999912,38,
1496.839999999991,41,
1497.8399999999915,43,
1498.9999999999918,46,
1499.999999999992,43,
1501.199999999992,35,
1502.3399999999922,42,
1503.4999999999923,37,
1504.6799999999923,46,
1505.8299999999927,43,
1506.8299999999927,36,
1507.8399999999924,35,
1508.9999999999925,31,
1510.1699999999923,35,
1511.3399999999926,34,
1512.3399999999929,40,
1513.3399999999929,44,
1514.5099999999927,40,
1515.6699999999928,40,
1516.8199999999927,41,
1517.8199999999927,48,
1518.8299999999929,42,
1519.8499999999929,46,
1520.9999999999927,44,
1522.1499999999928,38,
1523.169999999993,46,
1524.329999999993,39,
1525.479999999993,44,
1526.5199999999927,40,
1527.6499999999928,44,
1528.6599999999926,43,
1529.6599999999928,46,
1530.6699999999928,41,
1531.8399999999929,44,
1532.9799999999927,48,
1533.9899999999927,39,
1534.9999999999927,46,
1536.149999999993,54,
1537.189999999993,54,
1538.3199999999931,50,
1539.329999999993,47,
1540.4899999999932,49,
1541.6499999999935,46,
1542.8199999999933,50,
1543.8299999999933,49,
1544.9799999999934,48,
1545.9799999999934,52,
1546.9899999999936,45,
1547.9899999999936,40,
1549.1599999999937,42,
1550.3099999999936,43,
1551.3199999999933,45,
1552.4799999999939,46,
1553.4799999999939,43,
1554.4999999999939,34,
1555.6499999999937,33,
1556.6499999999942,32,
1557.8199999999947,41,
1558.8299999999952,43,
1559.8299999999954,45,
1560.9899999999955,49,
1562.1499999999955,64,
1563.1599999999955,61,
1564.3099999999956,52,
1565.3199999999956,53,
1566.5099999999957,49,
1567.6399999999956,51,
1568.6499999999955,50,
1569.8099999999956,52,
1570.9699999999955,56,
1571.9899999999952,55,
1573.1299999999953,53,
1574.1399999999953,57,
1575.1399999999956,50,
1576.2999999999956,53,
1577.3099999999956,41,
1578.3099999999956,44,
1579.3299999999958,47,
1580.4799999999964,46,
1581.6399999999962,48,
1582.6499999999965,42,
1583.8099999999965,43,
1584.9699999999964,50,
1585.9699999999964,62,
1587.1399999999965,58,
1588.1499999999965,58,
1589.3099999999965,55,
1590.4699999999964,59,
1591.4799999999966,61,
1592.639999999997,52,
1593.6399999999971,58,
1594.6499999999971,51,
1595.659999999997,51,
1596.799999999997,45,
1597.7999999999972,43,
1598.7999999999972,47,
1599.7999999999975,37,
1600.8099999999974,45,
1601.9699999999978,48,
1603.1399999999983,47,
1604.179999999998,52,
1605.349999999998,47,
1606.4699999999982,48,
1607.629999999998,49,
1608.6299999999983,42,
1609.7899999999986,40,
1610.7999999999986,42,
1611.7999999999986,37,
1612.959999999999,42,
1613.969999999999,44,
1615.129999999999,47,
1616.1299999999992,44,
1617.2999999999993,39,
1618.3099999999995,43,
1619.4599999999996,44,
1620.4699999999998,37,
1621.6200000000001,33,
1622.6399999999999,30,
1623.8,29,
1624.96,23,
1625.96,23,
1626.96,26,
1627.98,25,
1629.1200000000003,26,
1630.1300000000003,26,
1631.2900000000006,23,
1632.3000000000009,24,
1633.3200000000008,32,
1634.4600000000012,33,
1635.610000000001,30,
1636.620000000001,28,
1637.7800000000013,24,
1638.790000000001,25,
1639.9600000000012,33,
1641.1100000000013,35,
1642.1100000000013,30,
1643.1300000000017,28,
1644.2900000000016,28,
1645.3000000000015,34,
1646.4600000000016,34,
1647.6200000000015,31,
1648.7800000000016,34,
1649.7800000000018,31,
1650.7800000000018,30,
1651.7800000000018,28,
1652.7900000000016,26,
1653.950000000002,24,
1655.1300000000022,23,
1656.2800000000022,22,
1657.300000000002,24,
1658.450000000002,26,
1659.610000000002,27,
1660.6200000000017,23,
1661.780000000002,24,
1662.780000000002,29,
1663.960000000002,23,
1665.120000000002,28,
1666.2700000000018,25,
1667.2800000000018,20,
1668.4600000000019,28,
1669.610000000002,22,
1670.6200000000022,27,
1671.6300000000022,22,
1672.7800000000025,21,
1673.7800000000027,24,
1674.7800000000027,21,
1675.9500000000028,18,
1677.1100000000026,13,
1678.2700000000025,16,
1679.2700000000027,13,
1680.2700000000027,16,
1681.2900000000027,16,
1682.4300000000026,18,
1683.4400000000023,20,
1684.6000000000026,16,
1685.6000000000026,13,
1686.6200000000026,15,
1687.7800000000027,19,
1688.9400000000028,19,
1690.110000000003,18,
1691.2700000000034,11,
1692.4300000000035,10,
1693.4400000000035,13,
1694.6100000000033,16,
1695.7800000000034,11,
1696.9300000000035,16,
1698.1000000000033,16,
1699.1100000000035,16,
1700.2700000000036,12,
1701.2800000000036,12,
1702.4300000000037,9,
1703.6000000000035,11,
1704.6000000000038,13,
1705.7600000000039,11,
1706.9200000000037,14,
1707.9400000000035,15,
1708.9600000000032,13,
1710.1000000000035,11,
1711.1000000000035,14,
1712.2500000000036,15,
1713.2800000000036,12,
1714.4300000000037,10,
1715.5900000000038,12,
1716.590000000004,10,
1717.590000000004,8,
1718.600000000004,7,
1719.750000000004,8,
1720.7600000000039,8,
1721.9300000000042,7,
1723.0800000000042,8,
1724.0900000000042,6,
1725.2700000000043,4,
1726.4300000000046,5,
1727.5900000000045,8,
1728.5900000000047,8,
1729.7600000000048,4,
1730.9200000000048,4,
1731.9300000000048,6,
1733.090000000005,7,
1734.090000000005,3,
1735.2600000000052,5,
1736.4200000000053,5,
1737.450000000005,8,
1738.6000000000051,9,
1739.750000000005,6,
1740.9300000000048,7,
1742.080000000005,128,
1743.0900000000051,86,
1744.1100000000051,68,
1745.2700000000052,70,
1746.4100000000053,53,
1747.420000000005,45,
1748.5800000000054,49,
1749.5800000000054,44,
1750.6100000000054,43,
1751.7400000000052,37,
1752.750000000005,34,
1753.9200000000053,41,
1755.0800000000054,42,
1756.0900000000054,49,
1757.2700000000054,41,
1758.4200000000055,33,
1759.4200000000055,29,
1760.4200000000058,35,
1761.430000000006,43,
1762.580000000006,40,
1763.580000000006,37,
1764.5800000000063,46,
1765.5800000000063,41,
1766.5800000000065,38,
1767.5900000000063,38,
1768.7500000000066,39,
1769.7500000000068,43,
1770.7500000000068,45,
1771.7500000000068,52,
1772.9100000000071,58,
1773.9100000000074,53,
1774.9100000000074,45,
1776.1000000000074,50,
1777.2400000000075,49,
1778.4000000000074,47,
1779.4100000000076,46,
1780.4100000000078,53,
1781.4300000000076,55,
1782.5700000000074,62,
1783.7400000000073,56,
1784.7400000000073,51,
1785.7400000000075,60,
1786.7800000000075,60,
1787.9000000000076,58,
1789.0800000000072,68,
1790.240000000007,66,
1791.240000000007,62,
1792.280000000007,65,
1793.4600000000069,69,
1794.5600000000068,71,
1795.5700000000065,61,
1796.580000000007,70,
1797.730000000007,63,
1798.780000000007,71,
1799.8900000000074,69,
1800.9000000000074,68,
1801.9000000000076,129,
1803.0700000000074,111,
1804.0800000000072,106,
1805.2400000000073,106,
1806.4100000000071,106,
1807.5700000000074,106,
1808.570000000008,103,
1809.570000000008,109,
1810.570000000008,110,
1811.7300000000077,109,
1812.7300000000077,111,
1813.730000000008,97,
1814.750000000008,96,
1815.8900000000078,113,
1816.9000000000078,107,
1817.9000000000083,105,
1818.9000000000083,108,
1819.9000000000083,109,
1820.9000000000083,114,
1822.0500000000084,109,
1823.0600000000086,117,
1824.1200000000085,112,
1825.2200000000084,111,
1826.2200000000084,119,
1827.220000000009,116,
1828.2400000000086,127,
1829.420000000009,118,
1830.560000000009,132,
1831.7300000000093,139,
1832.8900000000096,117,
1833.90000000001,117,
1835.0600000000102,121,
1836.0800000000102,126,
1837.2200000000103,124,
1838.2300000000103,130,
1839.3900000000108,136,
1840.3900000000108,143,
1841.4000000000108,159,
1842.5500000000109,167,
1843.5500000000109,162,
1844.5500000000113,146,
1845.7100000000112,154,
1846.7700000000114,151,
1847.8900000000115,141,
1848.8900000000115,144,
1849.9100000000117,136,
1851.0500000000118,149,
1852.0700000000118,160,
1853.2100000000119,176,
1854.3900000000117,177,
1855.390000000012,180,
1856.5500000000122,193,
1857.5500000000122,185,
1858.740000000012,189,
1859.8800000000122,187,
1860.890000000012,195,
1861.8900000000122,196,
1862.8900000000122,190,
1864.0700000000122,187,
1865.2200000000123,188,
1866.3800000000122,209,
1867.5500000000127,203,
1868.720000000013,205,
1869.8800000000133,223,
1870.8800000000135,214,
1872.0600000000136,204,
1873.210000000014,211,
1874.2100000000141,217,
1875.2200000000144,220,
1876.3800000000147,216,
1877.3900000000147,209,
1878.550000000015,205,
1879.710000000015,221,
1880.710000000015,213,
1881.8700000000151,213,
1882.8700000000151,214,
1883.8800000000151,210,
1885.0500000000152,209,
1886.2100000000155,213,
1887.3700000000158,219,
1888.540000000016,209,
1889.550000000016,207,
1890.550000000016,190,
1891.710000000016,187,
1892.870000000016,179,
1894.0400000000163,175,
1895.2000000000166,167,
1896.2100000000166,174,
1897.2100000000166,174,
1898.3700000000165,175,
1899.5300000000166,177,
1900.5400000000166,175,
1901.5500000000168,186,
1902.7300000000168,184,
1903.870000000017,180,
1905.0300000000168,172,
1906.030000000017,174,
1907.030000000017,176,
1908.060000000017,185,
1909.2000000000173,183,
1910.2200000000175,176,
1911.3600000000179,176,
1912.360000000018,158,
1913.380000000018,163,
1914.5300000000184,176,
1915.7000000000187,182,
1916.860000000019,157,
1917.8600000000192,153,
1918.8700000000192,156,
1919.8700000000192,167,
1921.0200000000193,161,
1922.0200000000195,149,
1923.0200000000198,164,
1924.0400000000197,168,
1925.1900000000196,168,
1926.1900000000196,163,
1927.3500000000201,151,
1928.3600000000201,152,
1929.39000000002,158,
1930.5300000000202,176,
1931.69000000002,159,
1932.69000000002,157,
1933.6900000000203,157,
1934.70000000002,146,
1935.7000000000203,143,
1936.8500000000206,136,
1937.8500000000208,146,
1938.8600000000208,151,
1940.0400000000209,148,
1941.190000000021,139,
1942.3500000000208,128,
1943.3500000000213,140,
1944.3500000000213,139,
1945.3800000000213,130,
1946.5200000000214,142,
1947.6900000000214,133,
1948.8500000000215,124,
1949.8900000000217,118,
1951.020000000022,122,
1952.0400000000218,105,
1953.1900000000217,102,
1954.360000000022,105,
1955.5200000000225,107,
1956.6900000000228,90,
1957.8400000000229,91,
1958.8600000000229,92,
1960.010000000023,89,
1961.020000000023,89,
1962.020000000023,92,
1963.180000000023,87,
1964.2200000000232,88,
1965.340000000023,91,
1966.340000000023,86,
1967.340000000023,82,
1968.510000000023,92,
1969.5400000000227,84,
1970.6700000000226,85,
1971.8500000000224,77,
1973.0100000000225,74,
1974.0100000000227,65,
1975.0300000000223,65,
1976.2100000000223,68,
1977.3300000000224,60,
1978.500000000022,69,
1979.510000000022,71,
1980.6700000000224,69,
1981.840000000022,67,
1982.860000000022,69,
1984.0100000000218,67,
1985.1700000000217,64,
1986.1800000000217,52,
1987.3400000000217,54,
1988.5000000000216,50,
1989.5300000000213,45,
1990.6800000000214,45,
1991.8300000000213,43,
1992.8400000000213,41,
1994.0000000000216,38,
1995.0200000000214,37,
1996.1700000000217,44,
1997.3300000000215,37,
1998.5000000000214,39,
1999.5000000000216,43,
2000.6600000000217,44,
2001.6700000000214,46,
2002.8500000000213,44,
2003.9900000000214,40,
2005.000000000021,35,
2006.0000000000214,34,
2007.0000000000216,33,
2008.0100000000216,33,
2009.1600000000217,32,
2010.1700000000217,31,
2011.3300000000218,28,
2012.3300000000218,27,
2013.5500000000218,25,
2014.6500000000217,24,
2015.6600000000215,27,
2016.6600000000217,33,
2017.8300000000218,33,
2018.8400000000217,28,
2019.9900000000218,25,
2021.1700000000217,27,
2022.3300000000218,28,
2023.330000000022,27,
2024.500000000022,18,
2025.510000000022,19,
2026.6600000000221,16,
2027.820000000022,15,
2028.820000000022,11,
